Using pre-set license
Built from '2022.3/staging' branch; Version is '2022.3.51f1 (9f9d16c45e54) revision 10460438'; Using compiler version '192829333'; Build Type 'Release'
OS: 'Windows 11  (10.0.22631) 64bit Professional' Language: 'pl' Physical Memory: 65233 MB
BatchMode: 1, IsHumanControllingUs: 0, StartBugReporterOnCrash: 0, Is64bit: 1, IsPro: 1

COMMAND LINE ARGUMENTS:
C:\Program Files\Unity\Hub\Editor\2022.3.51f1\Editor\Unity.exe
-adb2
-batchMode
-noUpm
-name
AssetImportWorker0
-projectPath
C:/Repozytorium/Running-Mouse/Running-Mouse
-logFile
Logs/AssetImportWorker0.log
-srvPort
58139
Successfully changed project path to: C:/Repozytorium/Running-Mouse/Running-Mouse
C:/Repozytorium/Running-Mouse/Running-Mouse
[UnityMemory] Configuration Parameters - Can be set up in boot.config
    "memorysetup-bucket-allocator-granularity=16"
    "memorysetup-bucket-allocator-bucket-count=8"
    "memorysetup-bucket-allocator-block-size=33554432"
    "memorysetup-bucket-allocator-block-count=8"
    "memorysetup-main-allocator-block-size=16777216"
    "memorysetup-thread-allocator-block-size=16777216"
    "memorysetup-gfx-main-allocator-block-size=16777216"
    "memorysetup-gfx-thread-allocator-block-size=16777216"
    "memorysetup-cache-allocator-block-size=4194304"
    "memorysetup-typetree-allocator-block-size=2097152"
    "memorysetup-profiler-bucket-allocator-granularity=16"
    "memorysetup-profiler-bucket-allocator-bucket-count=8"
    "memorysetup-profiler-bucket-allocator-block-size=33554432"
    "memorysetup-profiler-bucket-allocator-block-count=8"
    "memorysetup-profiler-allocator-block-size=16777216"
    "memorysetup-profiler-editor-allocator-block-size=1048576"
    "memorysetup-temp-allocator-size-main=16777216"
    "memorysetup-job-temp-allocator-block-size=2097152"
    "memorysetup-job-temp-allocator-block-size-background=1048576"
    "memorysetup-job-temp-allocator-reduction-small-platforms=262144"
    "memorysetup-allocator-temp-initial-block-size-main=262144"
    "memorysetup-allocator-temp-initial-block-size-worker=262144"
    "memorysetup-temp-allocator-size-background-worker=32768"
    "memorysetup-temp-allocator-size-job-worker=262144"
    "memorysetup-temp-allocator-size-preload-manager=33554432"
    "memorysetup-temp-allocator-size-nav-mesh-worker=65536"
    "memorysetup-temp-allocator-size-audio-worker=65536"
    "memorysetup-temp-allocator-size-cloud-worker=32768"
    "memorysetup-temp-allocator-size-gi-baking-worker=262144"
    "memorysetup-temp-allocator-size-gfx=262144"
Player connection [14328]  Target information:

Player connection [14328]  * "[IP] 192.168.0.73 [Port] 0 [Flags] 2 [Guid] 1060200210 [EditorId] 1060200210 [Version] 1048832 [Id] WindowsEditor(7,Asia-Lenovo) [Debug] 1 [PackageName] WindowsEditor [ProjectName] Editor" 

Player connection [14328] Host joined multi-casting on [225.0.0.222:54997]...
Player connection [14328] Host joined alternative multi-casting on [225.0.0.222:34997]...
[PhysX] Initialized MultithreadedTaskDispatcher with 20 workers.
Refreshing native plugins compatible for Editor in 6.74 ms, found 3 plugins.
Preloading 0 native plugins for Editor in 0.00 ms.
Initialize engine version: 2022.3.51f1 (9f9d16c45e54)
[Subsystems] Discovering subsystems at path C:/Program Files/Unity/Hub/Editor/2022.3.51f1/Editor/Data/Resources/UnitySubsystems
[Subsystems] Discovering subsystems at path C:/Repozytorium/Running-Mouse/Running-Mouse/Assets
GfxDevice: creating device client; threaded=0; jobified=0
Direct3D:
    Version:  Direct3D 11.0 [level 11.1]
    Renderer: NVIDIA GeForce RTX 3050 Ti Laptop GPU (ID=0x25a0)
    Vendor:   NVIDIA
    VRAM:     3976 MB
    Driver:   31.0.15.3818
Initialize mono
Mono path[0] = 'C:/Program Files/Unity/Hub/Editor/2022.3.51f1/Editor/Data/Managed'
Mono path[1] = 'C:/Program Files/Unity/Hub/Editor/2022.3.51f1/Editor/Data/MonoBleedingEdge/lib/mono/unityjit-win32'
Mono config path = 'C:/Program Files/Unity/Hub/Editor/2022.3.51f1/Editor/Data/MonoBleedingEdge/etc'
Using monoOptions --debugger-agent=transport=dt_socket,embedding=1,server=y,suspend=n,address=127.0.0.1:56376
Begin MonoManager ReloadAssembly
Registering precompiled unity dll's ...
Register platform support module: C:/Program Files/Unity/Hub/Editor/2022.3.51f1/Editor/Data/PlaybackEngines/WindowsStandaloneSupport/UnityEditor.WindowsStandalone.Extensions.dll
Registered in 0.004240 seconds.
- Loaded All Assemblies, in  0.264 seconds
Native extension for WindowsStandalone target not found
Mono: successfully reloaded assembly
- Finished resetting the current domain, in  0.207 seconds
Domain Reload Profiling: 471ms
	BeginReloadAssembly (85ms)
		ExecutionOrderSort (0ms)
		DisableScriptedObjects (0ms)
		BackupInstance (0ms)
		ReleaseScriptingObjects (0ms)
		CreateAndSetChildDomain (1ms)
	RebuildCommonClasses (25ms)
	RebuildNativeTypeToScriptingClass (8ms)
	initialDomainReloadingComplete (42ms)
	LoadAllAssembliesAndSetupDomain (103ms)
		LoadAssemblies (84ms)
		RebuildTransferFunctionScriptingTraits (0ms)
		AnalyzeDomain (102ms)
			TypeCache.Refresh (101ms)
				TypeCache.ScanAssembly (91ms)
			ScanForSourceGeneratedMonoScriptInfo (0ms)
			ResolveRequiredComponents (0ms)
	FinalizeReload (208ms)
		ReleaseScriptCaches (0ms)
		RebuildScriptCaches (0ms)
		SetupLoadedEditorAssemblies (170ms)
			LogAssemblyErrors (0ms)
			InitializePlatformSupportModulesInManaged (8ms)
			SetLoadedEditorAssemblies (7ms)
			RefreshPlugins (0ms)
			BeforeProcessingInitializeOnLoad (2ms)
			ProcessInitializeOnLoadAttributes (116ms)
			ProcessInitializeOnLoadMethodAttributes (37ms)
			AfterProcessingInitializeOnLoad (0ms)
			EditorAssembliesLoaded (0ms)
		ExecutionOrderSort2 (0ms)
		AwakeInstancesAfterBackupRestoration (0ms)
========================================================================
Worker process is ready to serve import requests
Caller must complete domain reload
Begin MonoManager ReloadAssembly
- Loaded All Assemblies, in  0.481 seconds
Native extension for WindowsStandalone target not found
Mono: successfully reloaded assembly
- Finished resetting the current domain, in  0.568 seconds
Domain Reload Profiling: 1048ms
	BeginReloadAssembly (111ms)
		ExecutionOrderSort (0ms)
		DisableScriptedObjects (4ms)
		BackupInstance (0ms)
		ReleaseScriptingObjects (0ms)
		CreateAndSetChildDomain (17ms)
	RebuildCommonClasses (24ms)
	RebuildNativeTypeToScriptingClass (8ms)
	initialDomainReloadingComplete (31ms)
	LoadAllAssembliesAndSetupDomain (306ms)
		LoadAssemblies (238ms)
		RebuildTransferFunctionScriptingTraits (0ms)
		AnalyzeDomain (132ms)
			TypeCache.Refresh (116ms)
				TypeCache.ScanAssembly (104ms)
			ScanForSourceGeneratedMonoScriptInfo (11ms)
			ResolveRequiredComponents (4ms)
	FinalizeReload (569ms)
		ReleaseScriptCaches (0ms)
		RebuildScriptCaches (0ms)
		SetupLoadedEditorAssemblies (459ms)
			LogAssemblyErrors (0ms)
			InitializePlatformSupportModulesInManaged (7ms)
			SetLoadedEditorAssemblies (5ms)
			RefreshPlugins (0ms)
			BeforeProcessingInitializeOnLoad (71ms)
			ProcessInitializeOnLoadAttributes (354ms)
			ProcessInitializeOnLoadMethodAttributes (18ms)
			AfterProcessingInitializeOnLoad (4ms)
			EditorAssembliesLoaded (0ms)
		ExecutionOrderSort2 (0ms)
		AwakeInstancesAfterBackupRestoration (6ms)
Launched and connected shader compiler UnityShaderCompiler.exe after 0.03 seconds
Refreshing native plugins compatible for Editor in 3.11 ms, found 3 plugins.
Preloading 0 native plugins for Editor in 0.00 ms.
Unloading 3120 Unused Serialized files (Serialized files now loaded: 0)
Unloading 19 unused Assets / (55.0 KB). Loaded Objects now: 3598.
Memory consumption went from 125.6 MB to 125.6 MB.
Total: 2.494400 ms (FindLiveObjects: 0.160000 ms CreateObjectMapping: 0.069900 ms MarkObjects: 2.185400 ms  DeleteObjects: 0.077900 ms)

AssetImportParameters requested are different than current active one (requested -> active):
  custom:container-demuxer-ogg: 62fdf1f143b41e24485cea50d1cbac27 -> 
  custom:video-codec-MediaFoundation-h265: 746d11721c4dcdbdad8f713fa42b33f4 -> 
  custom:video-decoder-ogg-theora: a1e56fd34408186e4bbccfd4996cb3dc -> 
  custom:framework-win-MediaFoundation: 216162199b28c13a410421893ffa2e32 -> 
  custom:CustomObjectIndexerAttribute: 9a22284fe3817be447336de3de66b15e -> 
  custom:container-demuxer-webm: 4f35f7cbe854078d1ac9338744f61a02 -> 
  custom:container-muxer-webm: aa71ff27fc2769a1b78a27578f13a17b -> 
  custom:video-decoder-webm-vp8: 9c59270c3fd7afecdb556c50c9e8de78 -> 
  custom:SearchIndexIgnoredProperties: e643bd26f0fe6173181afceb89e7c659 -> 
  custom:AudioImporter_EditorPlatform: d09bf68614088b80899f8185d706f6e7 -> 
  custom:video-encoder-webm-vp8: eb34c28f22e8b96e1ab97ce403110664 -> 
  custom:audio-decoder-ogg-vorbis: bf7c407c2cedff20999df2af8eb42d56 -> 
  custom:audio-encoder-webm-vorbis: bf7c407c2cedff20999df2af8eb42d56 -> 
========================================================================
Received Import Request.
  Time since last request: 1718776.348780 seconds.
  path: Assets/GamerSquid/Assets/Models/Materials
  artifactKey: Guid(bd07153ce67bea54489e2988683d6551) Importer(815301076,1909f56bfc062723c751e8b465ee728b)
Start importing Assets/GamerSquid/Assets/Models/Materials using Guid(bd07153ce67bea54489e2988683d6551) Importer(815301076,1909f56bfc062723c751e8b465ee728b) [PhysX] Initialized MultithreadedTaskDispatcher with 20 workers.
 -> (artifact id: 'c3367c72a5307384110aec0253b5dac3') in 0.002988 seconds
Number of updated asset objects reloaded before import = 0
Number of asset objects unloaded after import = 0
========================================================================
Received Import Request.
  Time since last request: 113.889499 seconds.
  path: Assets/NAACo/Warehouse_Pack_HD
  artifactKey: Guid(5b3e72c6fcf6e194fb4f3d01d305914d) Importer(815301076,1909f56bfc062723c751e8b465ee728b)
Start importing Assets/NAACo/Warehouse_Pack_HD using Guid(5b3e72c6fcf6e194fb4f3d01d305914d) Importer(815301076,1909f56bfc062723c751e8b465ee728b) [PhysX] Initialized MultithreadedTaskDispatcher with 20 workers.
 -> (artifact id: '5074e57d520f8acbf18fa1f1a2c915d6') in 0.000647 seconds
Number of updated asset objects reloaded before import = 0
Number of asset objects unloaded after import = 0
========================================================================
Received Import Request.
  Time since last request: 2.387216 seconds.
  path: Assets/NAACo/Warehouse_Pack_HD/Built-in
  artifactKey: Guid(4a8d2a3bf55fff34db31db9b2656fdf6) Importer(815301076,1909f56bfc062723c751e8b465ee728b)
Start importing Assets/NAACo/Warehouse_Pack_HD/Built-in using Guid(4a8d2a3bf55fff34db31db9b2656fdf6) Importer(815301076,1909f56bfc062723c751e8b465ee728b) [PhysX] Initialized MultithreadedTaskDispatcher with 20 workers.
 -> (artifact id: 'e432c94f9af29c3f024ede65224f2a61') in 0.000415 seconds
Number of updated asset objects reloaded before import = 0
Number of asset objects unloaded after import = 0
========================================================================
Received Import Request.
  Time since last request: 0.568776 seconds.
  path: Assets/NAACo/Warehouse_Pack_HD/Common
  artifactKey: Guid(0b5687fe681fb2247b38e0c702fc7c50) Importer(815301076,1909f56bfc062723c751e8b465ee728b)
Start importing Assets/NAACo/Warehouse_Pack_HD/Common using Guid(0b5687fe681fb2247b38e0c702fc7c50) Importer(815301076,1909f56bfc062723c751e8b465ee728b) [PhysX] Initialized MultithreadedTaskDispatcher with 20 workers.
 -> (artifact id: '6bb08180bd11862ce492bb3cae02d924') in 0.000416 seconds
Number of updated asset objects reloaded before import = 0
Number of asset objects unloaded after import = 0
========================================================================
Received Import Request.
  Time since last request: 0.587370 seconds.
  path: Assets/NAACo/Warehouse_Pack_HD/HDRP
  artifactKey: Guid(ced953d096c418443aa980c3a5a8d02e) Importer(815301076,1909f56bfc062723c751e8b465ee728b)
Start importing Assets/NAACo/Warehouse_Pack_HD/HDRP using Guid(ced953d096c418443aa980c3a5a8d02e) Importer(815301076,1909f56bfc062723c751e8b465ee728b) [PhysX] Initialized MultithreadedTaskDispatcher with 20 workers.
 -> (artifact id: '607fa49e0a6e90e5bfaafa1139c56dfd') in 0.000466 seconds
Number of updated asset objects reloaded before import = 0
Number of asset objects unloaded after import = 0
========================================================================
Received Import Request.
  Time since last request: 1.836714 seconds.
  path: Assets/NAACo/Warehouse_Pack_HD/HDRP/Materials
  artifactKey: Guid(30459df6611224a4baecc3398bcd22f8) Importer(815301076,1909f56bfc062723c751e8b465ee728b)
Start importing Assets/NAACo/Warehouse_Pack_HD/HDRP/Materials using Guid(30459df6611224a4baecc3398bcd22f8) Importer(815301076,1909f56bfc062723c751e8b465ee728b) [PhysX] Initialized MultithreadedTaskDispatcher with 20 workers.
 -> (artifact id: 'a0bd19a5302390a35fa435e38ba2236a') in 0.000435 seconds
Number of updated asset objects reloaded before import = 0
Number of asset objects unloaded after import = 0
========================================================================
Received Import Request.
  Time since last request: 7.420233 seconds.
  path: Assets/NAACo/Warehouse_Pack_HD/HDRP/Prefabs
  artifactKey: Guid(8717d4ec5e2a283418bd549babed05f4) Importer(815301076,1909f56bfc062723c751e8b465ee728b)
Start importing Assets/NAACo/Warehouse_Pack_HD/HDRP/Prefabs using Guid(8717d4ec5e2a283418bd549babed05f4) Importer(815301076,1909f56bfc062723c751e8b465ee728b) [PhysX] Initialized MultithreadedTaskDispatcher with 20 workers.
 -> (artifact id: '924f580b0d631cf7c8966792e380eb32') in 0.000437 seconds
Number of updated asset objects reloaded before import = 0
Number of asset objects unloaded after import = 0
========================================================================
Received Import Request.
  Time since last request: 11990.108214 seconds.
  path: Assets/Scenes/MainMenu.unity
  artifactKey: Guid(bd6eeb5612391c94bac83a2dd5874b39) Importer(815301076,1909f56bfc062723c751e8b465ee728b)
Start importing Assets/Scenes/MainMenu.unity using Guid(bd6eeb5612391c94bac83a2dd5874b39) Importer(815301076,1909f56bfc062723c751e8b465ee728b) [PhysX] Initialized MultithreadedTaskDispatcher with 20 workers.
 -> (artifact id: 'f8501ed6da6848f3d9c7f70076915180') in 0.000788 seconds
Number of updated asset objects reloaded before import = 0
Number of asset objects unloaded after import = 0
========================================================================
Received Import Request.
  Time since last request: 598.772863 seconds.
  path: Assets/Materials/Beige.mat
  artifactKey: Guid(91e926059fa60e147890782642258daf) Importer(815301076,1909f56bfc062723c751e8b465ee728b)
Start importing Assets/Materials/Beige.mat using Guid(91e926059fa60e147890782642258daf) Importer(815301076,1909f56bfc062723c751e8b465ee728b) [PhysX] Initialized MultithreadedTaskDispatcher with 20 workers.
[PhysX] Initialized MultithreadedTaskDispatcher with 20 workers.
 -> (artifact id: '2c8fc57f30885c31c1a04f25a2a46477') in 0.104519 seconds
Number of updated asset objects reloaded before import = 0
Number of asset objects unloaded after import = 1
========================================================================
Received Import Request.
  Time since last request: 0.000018 seconds.
  path: Assets/Advance Studios/Medieval Castle/Art/Model/Bridge.fbx
  artifactKey: Guid(a18e05c3226dd274caeb4a43212e40c8) Importer(815301076,1909f56bfc062723c751e8b465ee728b)
Start importing Assets/Advance Studios/Medieval Castle/Art/Model/Bridge.fbx using Guid(a18e05c3226dd274caeb4a43212e40c8) Importer(815301076,1909f56bfc062723c751e8b465ee728b) [PhysX] Initialized MultithreadedTaskDispatcher with 20 workers.
[PhysX] Initialized MultithreadedTaskDispatcher with 20 workers.
[PhysX] Initialized MultithreadedTaskDispatcher with 20 workers.
[PhysX] Initialized MultithreadedTaskDispatcher with 20 workers.
[PhysX] Initialized MultithreadedTaskDispatcher with 20 workers.
[PhysX] Initialized MultithreadedTaskDispatcher with 20 workers.
[PhysX] Initialized MultithreadedTaskDispatcher with 20 workers.
[PhysX] Initialized MultithreadedTaskDispatcher with 20 workers.
[PhysX] Initialized MultithreadedTaskDispatcher with 20 workers.
 -> (artifact id: 'ba7e62455060a76aa1fce28f3a114ce6') in 0.069315 seconds
Number of updated asset objects reloaded before import = 0
Number of asset objects unloaded after import = 21
========================================================================
Received Import Request.
  Time since last request: 0.000032 seconds.
  path: Assets/NAACo/Warehouse_Pack_HD/Common/Mesh/Box_4.fbx
  artifactKey: Guid(6af8a99f58ac88f49af8b6be8bf256fb) Importer(815301076,1909f56bfc062723c751e8b465ee728b)
Start importing Assets/NAACo/Warehouse_Pack_HD/Common/Mesh/Box_4.fbx using Guid(6af8a99f58ac88f49af8b6be8bf256fb) Importer(815301076,1909f56bfc062723c751e8b465ee728b) [PhysX] Initialized MultithreadedTaskDispatcher with 20 workers.
[PhysX] Initialized MultithreadedTaskDispatcher with 20 workers.
[PhysX] Initialized MultithreadedTaskDispatcher with 20 workers.
[PhysX] Initialized MultithreadedTaskDispatcher with 20 workers.
 -> (artifact id: '9571b18f48f067e527c0d2caa5e57f20') in 0.021700 seconds
Number of updated asset objects reloaded before import = 0
Number of asset objects unloaded after import = 8
========================================================================
Received Import Request.
  Time since last request: 0.000019 seconds.
  path: Assets/NAACo/Warehouse_Pack_HD/Common/Mesh/Box_2.fbx
  artifactKey: Guid(827b5035a6b95434188645eec8510903) Importer(815301076,1909f56bfc062723c751e8b465ee728b)
Start importing Assets/NAACo/Warehouse_Pack_HD/Common/Mesh/Box_2.fbx using Guid(827b5035a6b95434188645eec8510903) Importer(815301076,1909f56bfc062723c751e8b465ee728b) [PhysX] Initialized MultithreadedTaskDispatcher with 20 workers.
[PhysX] Initialized MultithreadedTaskDispatcher with 20 workers.
[PhysX] Initialized MultithreadedTaskDispatcher with 20 workers.
[PhysX] Initialized MultithreadedTaskDispatcher with 20 workers.
 -> (artifact id: '7d35101f401898d0d6b447fed1c2eb5d') in 0.019205 seconds
Number of updated asset objects reloaded before import = 0
Number of asset objects unloaded after import = 8
========================================================================
Received Import Request.
  Time since last request: 0.000036 seconds.
  path: Assets/NAACo/Warehouse_Pack_HD/HDRP/Materials/Cardboard_boxes_1_1_BaseMap.mat
  artifactKey: Guid(8c7e71d3a1ce15b478aa707b745520f9) Importer(815301076,1909f56bfc062723c751e8b465ee728b)
Start importing Assets/NAACo/Warehouse_Pack_HD/HDRP/Materials/Cardboard_boxes_1_1_BaseMap.mat using Guid(8c7e71d3a1ce15b478aa707b745520f9) Importer(815301076,1909f56bfc062723c751e8b465ee728b) [PhysX] Initialized MultithreadedTaskDispatcher with 20 workers.
[PhysX] Initialized MultithreadedTaskDispatcher with 20 workers.
 -> (artifact id: '0f6572e5d4ad1d90494d41f2c9edd744') in 0.062066 seconds
Number of updated asset objects reloaded before import = 0
Number of asset objects unloaded after import = 4
========================================================================
Received Import Request.
  Time since last request: 0.000017 seconds.
  path: Assets/Advance Studios/Medieval Castle/Art/Model/Materials/CasaATextura.mat
  artifactKey: Guid(adf07682f1f68194ba0e44110d8c83c8) Importer(815301076,1909f56bfc062723c751e8b465ee728b)
Start importing Assets/Advance Studios/Medieval Castle/Art/Model/Materials/CasaATextura.mat using Guid(adf07682f1f68194ba0e44110d8c83c8) Importer(815301076,1909f56bfc062723c751e8b465ee728b) [PhysX] Initialized MultithreadedTaskDispatcher with 20 workers.
[PhysX] Initialized MultithreadedTaskDispatcher with 20 workers.
 -> (artifact id: '2d3fa1aeb9f459bb8b376b282b3bc6f0') in 0.022311 seconds
Number of updated asset objects reloaded before import = 0
Number of asset objects unloaded after import = 2
========================================================================
Received Import Request.
  Time since last request: 0.000026 seconds.
  path: Assets/Advance Studios/Medieval Castle/Art/Model/Tower B.fbx
  artifactKey: Guid(64f4be06a92a5dd4a99c31e59ac47d42) Importer(815301076,1909f56bfc062723c751e8b465ee728b)
Start importing Assets/Advance Studios/Medieval Castle/Art/Model/Tower B.fbx using Guid(64f4be06a92a5dd4a99c31e59ac47d42) Importer(815301076,1909f56bfc062723c751e8b465ee728b) [PhysX] Initialized MultithreadedTaskDispatcher with 20 workers.
[PhysX] Initialized MultithreadedTaskDispatcher with 20 workers.
[PhysX] Initialized MultithreadedTaskDispatcher with 20 workers.
[PhysX] Initialized MultithreadedTaskDispatcher with 20 workers.
 -> (artifact id: '949a555001a708e53139bbde942703a9') in 0.026393 seconds
Number of updated asset objects reloaded before import = 0
Number of asset objects unloaded after import = 9
========================================================================
Received Import Request.
  Time since last request: 0.000015 seconds.
  path: Assets/Advance Studios/Medieval Castle/Art/Model/Materials/CasaBTextura.mat
  artifactKey: Guid(181cebfd5be393846848e4410aae15bc) Importer(815301076,1909f56bfc062723c751e8b465ee728b)
Start importing Assets/Advance Studios/Medieval Castle/Art/Model/Materials/CasaBTextura.mat using Guid(181cebfd5be393846848e4410aae15bc) Importer(815301076,1909f56bfc062723c751e8b465ee728b) [PhysX] Initialized MultithreadedTaskDispatcher with 20 workers.
[PhysX] Initialized MultithreadedTaskDispatcher with 20 workers.
 -> (artifact id: '37ff2d8ca967039836044fb36d36f917') in 0.011792 seconds
Number of updated asset objects reloaded before import = 0
Number of asset objects unloaded after import = 2
========================================================================
Received Import Request.
  Time since last request: 0.000017 seconds.
  path: Assets/Materials/BrickRed.mat
  artifactKey: Guid(cbc76c4444e58b044b463004c91819e9) Importer(815301076,1909f56bfc062723c751e8b465ee728b)
Start importing Assets/Materials/BrickRed.mat using Guid(cbc76c4444e58b044b463004c91819e9) Importer(815301076,1909f56bfc062723c751e8b465ee728b) [PhysX] Initialized MultithreadedTaskDispatcher with 20 workers.
[PhysX] Initialized MultithreadedTaskDispatcher with 20 workers.
 -> (artifact id: '843187f2b190d91eeee1baca1d94c4b4') in 0.005013 seconds
Number of updated asset objects reloaded before import = 0
Number of asset objects unloaded after import = 1
========================================================================
Received Import Request.
  Time since last request: 4.472239 seconds.
  path: Assets/Advance Studios/Medieval Castle/Art/Model/Wall.fbx
  artifactKey: Guid(38b797ba6cc77df40a51cd3200365644) Importer(815301076,1909f56bfc062723c751e8b465ee728b)
Start importing Assets/Advance Studios/Medieval Castle/Art/Model/Wall.fbx using Guid(38b797ba6cc77df40a51cd3200365644) Importer(815301076,1909f56bfc062723c751e8b465ee728b) [PhysX] Initialized MultithreadedTaskDispatcher with 20 workers.
[PhysX] Initialized MultithreadedTaskDispatcher with 20 workers.
[PhysX] Initialized MultithreadedTaskDispatcher with 20 workers.
[PhysX] Initialized MultithreadedTaskDispatcher with 20 workers.
[PhysX] Initialized MultithreadedTaskDispatcher with 20 workers.
[PhysX] Initialized MultithreadedTaskDispatcher with 20 workers.
[PhysX] Initialized MultithreadedTaskDispatcher with 20 workers.
 -> (artifact id: '618c0dc37fda3970bc34ae7042e9621e') in 0.056404 seconds
Number of updated asset objects reloaded before import = 0
Number of asset objects unloaded after import = 16
========================================================================
Received Import Request.
  Time since last request: 6.099124 seconds.
  path: Assets/Abandoned World/Wood Box Free/Materials/M_Box_Wood_3.mat
  artifactKey: Guid(6cb570f1243a8324c81232ce1844f4ce) Importer(815301076,1909f56bfc062723c751e8b465ee728b)
Start importing Assets/Abandoned World/Wood Box Free/Materials/M_Box_Wood_3.mat using Guid(6cb570f1243a8324c81232ce1844f4ce) Importer(815301076,1909f56bfc062723c751e8b465ee728b) [PhysX] Initialized MultithreadedTaskDispatcher with 20 workers.
[PhysX] Initialized MultithreadedTaskDispatcher with 20 workers.
 -> (artifact id: '6602211d94d460359616ae1dc4c59e93') in 0.309410 seconds
Number of updated asset objects reloaded before import = 0
Number of asset objects unloaded after import = 4
========================================================================
Received Import Request.
  Time since last request: 1.743603 seconds.
  path: Assets/AK Studio Art/Sitting Lion Statue/Materials/Seated Lion Oxidized Copper.mat
  artifactKey: Guid(1b6db31443bc8f74784f316d1719b531) Importer(815301076,1909f56bfc062723c751e8b465ee728b)
Start importing Assets/AK Studio Art/Sitting Lion Statue/Materials/Seated Lion Oxidized Copper.mat using Guid(1b6db31443bc8f74784f316d1719b531) Importer(815301076,1909f56bfc062723c751e8b465ee728b) [PhysX] Initialized MultithreadedTaskDispatcher with 20 workers.
[PhysX] Initialized MultithreadedTaskDispatcher with 20 workers.
 -> (artifact id: 'fb8aa2f5038bec62e8f58926e9f516c6') in 0.241971 seconds
Number of updated asset objects reloaded before import = 0
Number of asset objects unloaded after import = 4
Editor requested this worker to shutdown with reason: Scaling down because of idle timeout
TcpMessagingSession - receive error: operation aborted. errorcode: 995, details: Operacja We/Wy zosta³a przerwana z powodu zakoñczenia w¹tku lub ¿¹dania aplikacji.
AssetImportWorker is now disconnected from the server
Process exiting
Exiting without the bug reporter. Application will terminate with return code 0